<?xml version="1.0" encoding="UTF-8"?>
<testsuite name="com.revature.service.UserServiceTest" tests="1" skipped="0" failures="0" errors="0" timestamp="2022-04-01T01:18:18" hostname="LAPTOP-6318QO8H" time="0.061">
  <properties/>
  <testcase name="testLogin()" classname="com.revature.service.UserServiceTest" time="0.061"/>
  <system-out><![CDATA[User{id=1, username='bill_smith', password='null', userRole='employee', firstName='bill', lastName='smith', emailId='bill.gmail.com'}
]]></system-out>
  <system-err><![CDATA[]]></system-err>
</testsuite>
